<?xml version="1.0" encoding="UTF-8"?>
<testng-results skipped="0" failed="0" total="2" passed="2">
  <reporter-output>
  </reporter-output>
  <suite name="Default suite" duration-ms="70671" started-at="2018-12-06T17:43:02Z" finished-at="2018-12-06T17:44:12Z">
    <groups>
    </groups>
    <test name="Default test" duration-ms="70671" started-at="2018-12-06T17:43:02Z" finished-at="2018-12-06T17:44:12Z">
      <class name="com.qa.qslogin.PhantomJSConcept">
        <test-method status="PASS" signature="setUp()[pri:0, instance:com.qa.qslogin.PhantomJSConcept@6b927fb]" name="setUp" is-config="true" duration-ms="15894" started-at="2018-12-06T23:13:02Z" finished-at="2018-12-06T23:13:18Z">
          <reporter-output>
          </reporter-output>
        </test-method> <!-- setUp -->
        <test-method status="PASS" signature="getTitleTest()[pri:0, instance:com.qa.qslogin.PhantomJSConcept@6b927fb]" name="getTitleTest" duration-ms="20" started-at="2018-12-06T23:13:18Z" finished-at="2018-12-06T23:13:18Z">
          <reporter-output>
          </reporter-output>
        </test-method> <!-- getTitleTest -->
        <test-method status="PASS" signature="tearDown()[pri:0, instance:com.qa.qslogin.PhantomJSConcept@6b927fb]" name="tearDown" is-config="true" duration-ms="606" started-at="2018-12-06T23:13:18Z" finished-at="2018-12-06T23:13:18Z">
          <reporter-output>
          </reporter-output>
        </test-method> <!-- tearDown -->
        <test-method status="PASS" signature="setUp()[pri:0, instance:com.qa.qslogin.PhantomJSConcept@6b927fb]" name="setUp" is-config="true" duration-ms="4931" started-at="2018-12-06T23:13:18Z" finished-at="2018-12-06T23:13:23Z">
          <reporter-output>
          </reporter-output>
        </test-method> <!-- setUp -->
        <test-method status="PASS" signature="login()[pri:0, instance:com.qa.qslogin.PhantomJSConcept@6b927fb]" name="login" duration-ms="48642" started-at="2018-12-06T23:13:23Z" finished-at="2018-12-06T23:14:12Z">
          <reporter-output>
          </reporter-output>
        </test-method> <!-- login -->
        <test-method status="PASS" signature="tearDown()[pri:0, instance:com.qa.qslogin.PhantomJSConcept@6b927fb]" name="tearDown" is-config="true" duration-ms="550" started-at="2018-12-06T23:14:12Z" finished-at="2018-12-06T23:14:12Z">
          <reporter-output>
          </reporter-output>
        </test-method> <!-- tearDown -->
      </class> <!-- com.qa.qslogin.PhantomJSConcept -->
    </test> <!-- Default test -->
  </suite> <!-- Default suite -->
</testng-results>
